Tue Jan 28 22:45:47 2025       
+-----------------------------------------------------------------------------------------+
| NVIDIA-SMI 550.54.15              Driver Version: 550.54.15      CUDA Version: 12.4     |
|-----------------------------------------+------------------------+----------------------+
| GPU  Name                 Persistence-M | Bus-Id          Disp.A | Volatile Uncorr. ECC |
| Fan  Temp   Perf          Pwr:Usage/Cap |           Memory-Usage | GPU-Util  Compute M. |
|                                         |                        |               MIG M. |
|=========================================+========================+======================|
|   0  Tesla P100-PCIE-12GB           On  |   00000000:03:00.0 Off |                    0 |
| N/A   30C    P0             25W /  250W |       0MiB /  12288MiB |      0%      Default |
|                                         |                        |                  N/A |
+-----------------------------------------+------------------------+----------------------+
                                                                                         
+-----------------------------------------------------------------------------------------+
| Processes:                                                                              |
|  GPU   GI   CI        PID   Type   Process name                              GPU Memory |
|        ID   ID                                                               Usage      |
|=========================================================================================|
|  No running processes found                                                             |
+-----------------------------------------------------------------------------------------+
Looking in links: /cvmfs/soft.computecanada.ca/custom/python/wheelhouse/gentoo2023/x86-64-v3, /cvmfs/soft.computecanada.ca/custom/python/wheelhouse/gentoo2023/generic, /cvmfs/soft.computecanada.ca/custom/python/wheelhouse/generic
Collecting nvflare~=2.5.0rc (from -r requirements.txt (line 1))
  Obtaining dependency information for nvflare~=2.5.0rc from https://files.pythonhosted.org/packages/7e/35/f2f837ca151dccad5b611f26bd77fffb7981912c2a43eb8d367fc1aaca14/nvflare-2.5.2-py3-none-any.whl.metadata
  Using cached nvflare-2.5.2-py3-none-any.whl.metadata (11 kB)
Processing /cvmfs/soft.computecanada.ca/custom/python/wheelhouse/gentoo2023/x86-64-v3/torch-2.5.1+computecanada-cp311-cp311-linux_x86_64.whl (from -r requirements.txt (line 2))
Processing /cvmfs/soft.computecanada.ca/custom/python/wheelhouse/gentoo2023/generic/torchvision-0.20.1+computecanada-cp311-cp311-linux_x86_64.whl (from -r requirements.txt (line 3))
Processing /cvmfs/soft.computecanada.ca/custom/python/wheelhouse/generic/tensorboard-2.18.0+computecanada-py3-none-any.whl (from -r requirements.txt (line 4))
Processing /cvmfs/soft.computecanada.ca/custom/python/wheelhouse/generic/monai-1.4.0+computecanada-py3-none-any.whl (from -r requirements.txt (line 5))
Processing /cvmfs/soft.computecanada.ca/custom/python/wheelhouse/generic/tqdm-4.67.1+computecanada-py3-none-any.whl (from -r requirements.txt (line 6))
Collecting nibabel (from -r requirements.txt (line 7))
  Obtaining dependency information for nibabel from https://files.pythonhosted.org/packages/43/b2/dc384197be44e2a640bb43311850e23c2c30f3b82ce7c8cdabbf0e53045e/nibabel-5.3.2-py3-none-any.whl.metadata
  Using cached nibabel-5.3.2-py3-none-any.whl.metadata (9.1 kB)
Processing /cvmfs/soft.computecanada.ca/custom/python/wheelhouse/gentoo2023/generic/cryptography-42.0.8+computecanada-cp311-cp311-linux_x86_64.whl (from nvflare~=2.5.0rc->-r requirements.txt (line 1))
Processing /cvmfs/soft.computecanada.ca/custom/python/wheelhouse/generic/flask-3.0.2+computecanada-py3-none-any.whl (from nvflare~=2.5.0rc->-r requirements.txt (line 1))
Processing /cvmfs/soft.computecanada.ca/custom/python/wheelhouse/generic/werkzeug-3.0.3+computecanada-py3-none-any.whl (from nvflare~=2.5.0rc->-r requirements.txt (line 1))
Collecting Flask-JWT-Extended==4.6.0 (from nvflare~=2.5.0rc->-r requirements.txt (line 1))
  Obtaining dependency information for Flask-JWT-Extended==4.6.0 from https://files.pythonhosted.org/packages/be/f7/b5415a5ec78666408cd9af9e8163e2953374808d222625cff33f64adfd2a/Flask_JWT_Extended-4.6.0-py2.py3-none-any.whl.metadata
  Using cached Flask_JWT_Extended-4.6.0-py2.py3-none-any.whl.metadata (3.9 kB)
Collecting Flask-SQLAlchemy==3.1.1 (from nvflare~=2.5.0rc->-r requirements.txt (line 1))
  Obtaining dependency information for Flask-SQLAlchemy==3.1.1 from https://files.pythonhosted.org/packages/1d/6a/89963a5c6ecf166e8be29e0d1bf6806051ee8fe6c82e232842e3aeac9204/flask_sqlalchemy-3.1.1-py3-none-any.whl.metadata
  Using cached flask_sqlalchemy-3.1.1-py3-none-any.whl.metadata (3.4 kB)
Processing /cvmfs/soft.computecanada.ca/custom/python/wheelhouse/generic/SQLAlchemy-2.0.16+computecanada-cp311-cp311-linux_x86_64.whl (from nvflare~=2.5.0rc->-r requirements.txt (line 1))
Processing /cvmfs/soft.computecanada.ca/custom/python/wheelhouse/generic/grpcio-1.67.0+computecanada-cp311-cp311-linux_x86_64.whl (from nvflare~=2.5.0rc->-r requirements.txt (line 1))
Processing /cvmfs/soft.computecanada.ca/custom/python/wheelhouse/generic/gunicorn-23.0.0+computecanada-py3-none-any.whl (from nvflare~=2.5.0rc->-r requirements.txt (line 1))
Processing /cvmfs/soft.computecanada.ca/custom/python/wheelhouse/gentoo2023/generic/numpy-1.26.4+computecanada-cp311-cp311-linux_x86_64.whl (from nvflare~=2.5.0rc->-r requirements.txt (line 1))
Processing /cvmfs/soft.computecanada.ca/custom/python/wheelhouse/gentoo2023/x86-64-v3/protobuf-5.29.3+computecanada-cp311-cp311-linux_x86_64.whl (from nvflare~=2.5.0rc->-r requirements.txt (line 1))
Processing /cvmfs/soft.computecanada.ca/custom/python/wheelhouse/generic/psutil-5.9.8+computecanada-cp310-abi3-linux_x86_64.whl (from nvflare~=2.5.0rc->-r requirements.txt (line 1))
Processing /cvmfs/soft.computecanada.ca/custom/python/wheelhouse/gentoo2023/x86-64-v3/PyYAML-6.0.2+computecanada-cp311-cp311-linux_x86_64.whl (from nvflare~=2.5.0rc->-r requirements.txt (line 1))
Processing /cvmfs/soft.computecanada.ca/custom/python/wheelhouse/generic/requests-2.32.3+computecanada-py3-none-any.whl (from nvflare~=2.5.0rc->-r requirements.txt (line 1))
Processing /cvmfs/soft.computecanada.ca/custom/python/wheelhouse/generic/six-1.17.0+computecanada-py2.py3-none-any.whl (from nvflare~=2.5.0rc->-r requirements.txt (line 1))
Processing /cvmfs/soft.computecanada.ca/custom/python/wheelhouse/generic/msgpack-1.1.0+computecanada-cp311-cp311-linux_x86_64.whl (from nvflare~=2.5.0rc->-r requirements.txt (line 1))
Collecting docker>=6.0 (from nvflare~=2.5.0rc->-r requirements.txt (line 1))
  Obtaining dependency information for docker>=6.0 from https://files.pythonhosted.org/packages/e3/26/57c6fb270950d476074c087527a558ccb6f4436657314bfb6cdf484114c4/docker-7.1.0-py3-none-any.whl.metadata
  Using cached docker-7.1.0-py3-none-any.whl.metadata (3.8 kB)
Collecting websockets>=10.4 (from nvflare~=2.5.0rc->-r requirements.txt (line 1))
  Obtaining dependency information for websockets>=10.4 from https://files.pythonhosted.org/packages/7b/c8/d529f8a32ce40d98309f4470780631e971a5a842b60aec864833b3615786/websockets-14.2-py3-none-any.whl.metadata
  Using cached websockets-14.2-py3-none-any.whl.metadata (6.8 kB)
Collecting pyhocon (from nvflare~=2.5.0rc->-r requirements.txt (line 1))
  Obtaining dependency information for pyhocon from https://files.pythonhosted.org/packages/39/2d/cd65dc4fa8c901e6d02b4074771ced04828d71af18b97da24ed1e55507d7/pyhocon-0.3.61-py3-none-any.whl.metadata
  Using cached pyhocon-0.3.61-py3-none-any.whl.metadata (1.2 kB)
Processing /cvmfs/soft.computecanada.ca/custom/python/wheelhouse/generic/jinja2-3.1.5+computecanada-py3-none-any.whl (from Flask==3.0.2->nvflare~=2.5.0rc->-r requirements.txt (line 1))
Processing /cvmfs/soft.computecanada.ca/custom/python/wheelhouse/generic/itsdangerous-2.2.0+computecanada-py3-none-any.whl (from Flask==3.0.2->nvflare~=2.5.0rc->-r requirements.txt (line 1))
Processing /cvmfs/soft.computecanada.ca/custom/python/wheelhouse/generic/click-8.1.8+computecanada-py3-none-any.whl (from Flask==3.0.2->nvflare~=2.5.0rc->-r requirements.txt (line 1))
Processing /cvmfs/soft.computecanada.ca/custom/python/wheelhouse/generic/blinker-1.9.0+computecanada-py3-none-any.whl (from Flask==3.0.2->nvflare~=2.5.0rc->-r requirements.txt (line 1))
Collecting PyJWT<3.0,>=2.0 (from Flask-JWT-Extended==4.6.0->nvflare~=2.5.0rc->-r requirements.txt (line 1))
  Obtaining dependency information for PyJWT<3.0,>=2.0 from https://files.pythonhosted.org/packages/61/ad/689f02752eeec26aed679477e80e632ef1b682313be70793d798c1d5fc8f/PyJWT-2.10.1-py3-none-any.whl.metadata
  Using cached PyJWT-2.10.1-py3-none-any.whl.metadata (4.0 kB)
Processing /cvmfs/soft.computecanada.ca/custom/python/wheelhouse/generic/typing_extensions-4.12.2+computecanada-py3-none-any.whl (from SQLAlchemy==2.0.16->nvflare~=2.5.0rc->-r requirements.txt (line 1))
Processing /cvmfs/soft.computecanada.ca/custom/python/wheelhouse/generic/greenlet-3.1.1+computecanada-cp311-cp311-linux_x86_64.whl (from SQLAlchemy==2.0.16->nvflare~=2.5.0rc->-r requirements.txt (line 1))
Processing /cvmfs/soft.computecanada.ca/custom/python/wheelhouse/generic/MarkupSafe-2.1.5+computecanada-cp311-cp311-linux_x86_64.whl (from Werkzeug==3.0.3->nvflare~=2.5.0rc->-r requirements.txt (line 1))
Collecting filelock (from torch->-r requirements.txt (line 2))
  Obtaining dependency information for filelock from https://files.pythonhosted.org/packages/89/ec/00d68c4ddfedfe64159999e5f8a98fb8442729a63e2077eb9dcd89623d27/filelock-3.17.0-py3-none-any.whl.metadata
  Using cached filelock-3.17.0-py3-none-any.whl.metadata (2.9 kB)
Processing /cvmfs/soft.computecanada.ca/custom/python/wheelhouse/generic/networkx-3.4.2+computecanada-py3-none-any.whl (from torch->-r requirements.txt (line 2))
Processing /cvmfs/soft.computecanada.ca/custom/python/wheelhouse/generic/fsspec-2024.12.0+computecanada-py3-none-any.whl (from torch->-r requirements.txt (line 2))
Processing /cvmfs/soft.computecanada.ca/custom/python/wheelhouse/generic/sympy-1.13.1+computecanada-py3-none-any.whl (from torch->-r requirements.txt (line 2))
Processing /cvmfs/soft.computecanada.ca/custom/python/wheelhouse/generic/mpmath-1.3.0+computecanada-py3-none-any.whl (from sympy==1.13.1->torch->-r requirements.txt (line 2))
Processing /cvmfs/soft.computecanada.ca/custom/python/wheelhouse/gentoo2023/x86-64-v3/Pillow_SIMD-9.5.0.post2+computecanada-cp311-cp311-linux_x86_64.whl (from torchvision->-r requirements.txt (line 3))
Processing /cvmfs/soft.computecanada.ca/custom/python/wheelhouse/generic/absl_py-2.1.0+computecanada-py3-none-any.whl (from tensorboard->-r requirements.txt (line 4))
Processing /cvmfs/soft.computecanada.ca/custom/python/wheelhouse/generic/Markdown-3.7+computecanada-py3-none-any.whl (from tensorboard->-r requirements.txt (line 4))
Processing /cvmfs/soft.computecanada.ca/custom/python/wheelhouse/generic/packaging-24.2+computecanada-py3-none-any.whl (from tensorboard->-r requirements.txt (line 4))
Requirement already satisfied: setuptools>=41.0.0 in /home/psaha03/scratch/safeseg/env/lib/python3.11/site-packages (from tensorboard->-r requirements.txt (line 4)) (65.5.0)
Processing /cvmfs/soft.computecanada.ca/custom/python/wheelhouse/generic/tensorboard_data_server-0.7.2+computecanada-py3-none-linux_x86_64.whl (from tensorboard->-r requirements.txt (line 4))
Collecting importlib-resources>=5.12 (from nibabel->-r requirements.txt (line 7))
  Obtaining dependency information for importlib-resources>=5.12 from https://files.pythonhosted.org/packages/a4/ed/1f1afb2e9e7f38a545d628f864d562a5ae64fe6f7a10e28ffb9b185b4e89/importlib_resources-6.5.2-py3-none-any.whl.metadata
  Using cached importlib_resources-6.5.2-py3-none-any.whl.metadata (3.9 kB)
Processing /cvmfs/soft.computecanada.ca/custom/python/wheelhouse/gentoo2023/generic/cffi-1.17.1+computecanada-cp311-cp311-linux_x86_64.whl (from cryptography>=36.0.0->nvflare~=2.5.0rc->-r requirements.txt (line 1))
Processing /cvmfs/soft.computecanada.ca/custom/python/wheelhouse/generic/urllib3-2.3.0+computecanada-py3-none-any.whl (from docker>=6.0->nvflare~=2.5.0rc->-r requirements.txt (line 1))
Collecting charset-normalizer<4,>=2 (from requests>=2.28.0->nvflare~=2.5.0rc->-r requirements.txt (line 1))
  Obtaining dependency information for charset-normalizer<4,>=2 from https://files.pythonhosted.org/packages/0e/f6/65ecc6878a89bb1c23a086ea335ad4bf21a588990c3f535a227b9eea9108/charset_normalizer-3.4.1-py3-none-any.whl.metadata
  Using cached charset_normalizer-3.4.1-py3-none-any.whl.metadata (35 kB)
Processing /cvmfs/soft.computecanada.ca/custom/python/wheelhouse/generic/idna-3.10+computecanada-py3-none-any.whl (from requests>=2.28.0->nvflare~=2.5.0rc->-r requirements.txt (line 1))
Processing /cvmfs/soft.computecanada.ca/custom/python/wheelhouse/generic/certifi-2024.12.14+computecanada-py3-none-any.whl (from requests>=2.28.0->nvflare~=2.5.0rc->-r requirements.txt (line 1))
Collecting pyparsing<4,>=2 (from pyhocon->nvflare~=2.5.0rc->-r requirements.txt (line 1))
  Obtaining dependency information for pyparsing<4,>=2 from https://files.pythonhosted.org/packages/1c/a7/c8a2d361bf89c0d9577c934ebb7421b25dc84bf3a8e3ac0a40aed9acc547/pyparsing-3.2.1-py3-none-any.whl.metadata
  Using cached pyparsing-3.2.1-py3-none-any.whl.metadata (5.0 kB)
Processing /cvmfs/soft.computecanada.ca/custom/python/wheelhouse/generic/pycparser-2.22+computecanada-py3-none-any.whl (from cffi>=1.12->cryptography>=36.0.0->nvflare~=2.5.0rc->-r requirements.txt (line 1))
Using cached nvflare-2.5.2-py3-none-any.whl (3.7 MB)
Using cached Flask_JWT_Extended-4.6.0-py2.py3-none-any.whl (22 kB)
Using cached flask_sqlalchemy-3.1.1-py3-none-any.whl (25 kB)
Using cached nibabel-5.3.2-py3-none-any.whl (3.3 MB)
Using cached docker-7.1.0-py3-none-any.whl (147 kB)
Using cached importlib_resources-6.5.2-py3-none-any.whl (37 kB)
Using cached websockets-14.2-py3-none-any.whl (157 kB)
Using cached filelock-3.17.0-py3-none-any.whl (16 kB)
Using cached pyhocon-0.3.61-py3-none-any.whl (25 kB)
Using cached charset_normalizer-3.4.1-py3-none-any.whl (49 kB)
Using cached PyJWT-2.10.1-py3-none-any.whl (22 kB)
Using cached pyparsing-3.2.1-py3-none-any.whl (107 kB)
Installing collected packages: mpmath, websockets, urllib3, typing-extensions, tqdm, tensorboard-data-server, sympy, six, PyYAML, pyparsing, PyJWT, pycparser, psutil, protobuf, pillow-simd, packaging, numpy, networkx, msgpack, MarkupSafe, markdown, itsdangerous, importlib-resources, idna, grpcio, greenlet, fsspec, filelock, click, charset-normalizer, certifi, blinker, absl-py, Werkzeug, SQLAlchemy, requests, pyhocon, nibabel, Jinja2, gunicorn, cffi, torch, tensorboard, Flask, docker, cryptography, torchvision, monai, Flask-SQLAlchemy, Flask-JWT-Extended, nvflare
Successfully installed Flask-3.0.2+computecanada Flask-JWT-Extended-4.6.0 Flask-SQLAlchemy-3.1.1 Jinja2-3.1.5+computecanada MarkupSafe-2.1.5+computecanada PyJWT-2.10.1 PyYAML-6.0.2+computecanada SQLAlchemy-2.0.16+computecanada Werkzeug-3.0.3+computecanada absl-py-2.1.0+computecanada blinker-1.9.0+computecanada certifi-2024.12.14+computecanada cffi-1.17.1+computecanada charset-normalizer-3.4.1 click-8.1.8+computecanada cryptography-42.0.8+computecanada docker-7.1.0 filelock-3.17.0 fsspec-2024.12.0+computecanada greenlet-3.1.1+computecanada grpcio-1.67.0+computecanada gunicorn-23.0.0+computecanada idna-3.10+computecanada importlib-resources-6.5.2 itsdangerous-2.2.0+computecanada markdown-3.7+computecanada monai-1.4.0+computecanada mpmath-1.3.0+computecanada msgpack-1.1.0+computecanada networkx-3.4.2+computecanada nibabel-5.3.2 numpy-1.26.4+computecanada nvflare-2.5.2 packaging-24.2+computecanada pillow-simd-9.5.0.post2+computecanada protobuf-5.29.3+computecanada psutil-5.9.8+computecanada pycparser-2.22+computecanada pyhocon-0.3.61 pyparsing-3.2.1 requests-2.32.3+computecanada six-1.17.0+computecanada sympy-1.13.1+computecanada tensorboard-2.18.0+computecanada tensorboard-data-server-0.7.2+computecanada torch-2.5.1+computecanada torchvision-0.20.1+computecanada tqdm-4.67.1+computecanada typing-extensions-4.12.2+computecanada urllib3-2.3.0+computecanada websockets-14.2
2025-01-28 22:51:24,670 - SimulatorRunner - INFO - Create the Simulator Server.
2025-01-28 22:51:24,681 - CoreCell - INFO - server: creating listener on tcp://0:43089
2025-01-28 22:51:24,893 - CoreCell - INFO - server: created backbone external listener for tcp://0:43089
2025-01-28 22:51:24,895 - ConnectorManager - INFO - 714389: Try start_listener Listener resources: {'secure': False, 'host': 'localhost'}
2025-01-28 22:51:24,928 - nvflare.fuel.f3.sfm.conn_manager - INFO - Connector [CH00002 PASSIVE tcp://0:33805] is starting
2025-01-28 22:51:25,433 - CoreCell - INFO - server: created backbone internal listener for tcp://localhost:33805
2025-01-28 22:51:25,435 - nvflare.fuel.f3.sfm.conn_manager - INFO - Connector [CH00001 PASSIVE tcp://0:43089] is starting
2025-01-28 22:51:25,436 - SimulatorServer - INFO - max_reg_duration=60.0
2025-01-28 22:51:25,571 - nvflare.fuel.hci.server.hci - INFO - Starting Admin Server localhost on Port 54091
2025-01-28 22:51:25,571 - SimulatorRunner - INFO - Deploy the Apps.
2025-01-28 22:51:25,889 - SimulatorRunner - INFO - Create the simulate clients.
2025-01-28 22:51:25,915 - Communicator - INFO - Trying to register with server ...
2025-01-28 22:51:25,917 - ClientManager - INFO - authenticated client site-1
2025-01-28 22:51:25,917 - ClientManager - INFO - Client: New client site-1@172.16.137.38 joined. Sent token: ff97ca25-867f-4096-a84d-e5fcac325ef3.  Total clients: 1
2025-01-28 22:51:25,918 - Communicator - INFO - register RC: ok
2025-01-28 22:51:25,919 - FederatedClient - INFO - Successfully registered client:site-1 for project simulator_server. Token:ff97ca25-867f-4096-a84d-e5fcac325ef3 SSID:
2025-01-28 22:51:25,919 - SimulatorRunner - INFO - Set the client status ready.
2025-01-28 22:51:25,920 - SimulatorRunner - INFO - Deploy and start the Server App.
2025-01-28 22:51:25,925 - Cell - INFO - Register blob CB for channel='server_command', topic='*'
2025-01-28 22:51:25,925 - Cell - INFO - Register blob CB for channel='aux_communication', topic='*'
2025-01-28 22:51:25,926 - ServerCommandAgent - INFO - ServerCommandAgent cell register_request_cb: server.simulate_job
2025-01-28 22:51:46,212 - IntimeModelSelector - INFO - model selection weights control: None
2025-01-28 22:51:46,224 - AuxRunner - INFO - registered aux handler for topic __sync_runner__
2025-01-28 22:51:46,225 - AuxRunner - INFO - registered aux handler for topic __job_heartbeat__
2025-01-28 22:51:46,226 - AuxRunner - INFO - registered aux handler for topic __task_check__
2025-01-28 22:51:46,228 - AuxRunner - INFO - registered aux handler for topic RM.RELIABLE_REQUEST
2025-01-28 22:51:46,229 - AuxRunner - INFO - registered aux handler for topic RM.RELIABLE_REPLY
2025-01-28 22:51:46,230 - ReliableMessage - INFO - enabled reliable message: max_request_workers=20 query_interval=2.0
2025-01-28 22:51:46,230 - ServerRunner - INFO - [identity=simulator_server, run=simulate_job]: Server runner starting ...
2025-01-28 22:51:46,232 - AuxRunner - INFO - registered aux handler for topic fed.event
2025-01-28 22:51:46,232 - ServerRunner - INFO - [identity=simulator_server, run=simulate_job]: starting workflow scatter_and_gather (<class 'nvflare.app_common.workflows.scatter_and_gather.ScatterAndGather'>) ...
2025-01-28 22:51:46,233 - ScatterAndGather - INFO - [identity=simulator_server, run=simulate_job, wf=scatter_and_gather]: Initializing ScatterAndGather workflow.
2025-01-28 22:51:46,234 - PTFileModelPersistor - INFO - [identity=simulator_server, run=simulate_job, wf=scatter_and_gather]: Both source_ckpt_file_full_name and ckpt_preload_path are not provided. Using the default model weights initialized on the persistor side.
2025-01-28 22:51:46,236 - ServerRunner - INFO - [identity=simulator_server, run=simulate_job, wf=scatter_and_gather]: Workflow scatter_and_gather (<class 'nvflare.app_common.workflows.scatter_and_gather.ScatterAndGather'>) started
2025-01-28 22:51:46,239 - ScatterAndGather - INFO - [identity=simulator_server, run=simulate_job, wf=scatter_and_gather]: Beginning ScatterAndGather training phase.
2025-01-28 22:51:46,241 - ScatterAndGather - INFO - [identity=simulator_server, run=simulate_job, wf=scatter_and_gather]: Round 0 started.
2025-01-28 22:51:46,242 - WFCommServer - INFO - [identity=simulator_server, run=simulate_job, wf=scatter_and_gather]: scheduled task train
2025-01-28 22:51:46,953 - SimulatorClientRunner - INFO - Start the clients run simulation.
2025-01-28 22:51:47,964 - SimulatorClientRunner - INFO - Simulate Run client: site-1 on GPU group: 0
2025-01-28 22:51:51,014 - ClientTaskWorker - INFO - ClientTaskWorker started to run
2025-01-28 22:51:51,262 - CoreCell - INFO - site-1.simulate_job: created backbone external connector to tcp://localhost:43089
2025-01-28 22:51:51,262 - nvflare.fuel.f3.sfm.conn_manager - INFO - Connector [CH00001 ACTIVE tcp://localhost:43089] is starting
2025-01-28 22:51:51,264 - nvflare.fuel.f3.sfm.conn_manager - INFO - Connection [CN00002 127.0.0.1:52048 => 127.0.0.1:43089] is created: PID: 714409
2025-01-28 22:51:51,265 - nvflare.fuel.f3.sfm.conn_manager - INFO - Connection [CN00004 127.0.0.1:43089 <= 127.0.0.1:52048] is created: PID: 714389
2025-01-28 22:52:11,811 - AuxRunner - INFO - registered aux handler for topic __end_run__
2025-01-28 22:52:11,816 - AuxRunner - INFO - registered aux handler for topic __do_task__
2025-01-28 22:52:11,817 - Cell - INFO - Register blob CB for channel='aux_communication', topic='*'
2025-01-28 22:52:12,332 - Cell - INFO - broadcast: channel='aux_communication', topic='__sync_runner__', targets=['server.simulate_job'], timeout=2.0
2025-01-28 22:52:12,339 - ClientRunner - INFO - [identity=site-1, run=simulate_job]: synced to Server Runner in 0.5070939064025879 seconds
2025-01-28 22:52:12,340 - AuxRunner - INFO - registered aux handler for topic RM.RELIABLE_REQUEST
2025-01-28 22:52:12,340 - AuxRunner - INFO - registered aux handler for topic RM.RELIABLE_REPLY
2025-01-28 22:52:12,341 - ReliableMessage - INFO - enabled reliable message: max_request_workers=20 query_interval=2.0
2025-01-28 22:52:12,342 - AuxRunner - INFO - registered aux handler for topic fed.event
2025-01-28 22:52:12,343 - ClientRunner - INFO - [identity=site-1, run=simulate_job]: client runner started
2025-01-28 22:52:12,343 - ClientTaskWorker - INFO - Initialize ClientRunner for client: site-1
2025-01-28 22:52:12,347 - ServerRunner - INFO - [identity=simulator_server, run=simulate_job, wf=scatter_and_gather, peer=site-1, peer_run=simulate_job, task_name=train, task_id=379ca954-8faf-4051-bfc2-8a28731cc75c]: assigned task to client site-1: name=train, id=379ca954-8faf-4051-bfc2-8a28731cc75c
2025-01-28 22:52:12,349 - ServerRunner - INFO - [identity=simulator_server, run=simulate_job, wf=scatter_and_gather, peer=site-1, peer_run=simulate_job, task_name=train, task_id=379ca954-8faf-4051-bfc2-8a28731cc75c]: sent task assignment to client. client_name:site-1 task_id:379ca954-8faf-4051-bfc2-8a28731cc75c
2025-01-28 22:52:12,349 - GetTaskCommand - INFO - return task to client.  client_name: site-1  task_name: train   task_id: 379ca954-8faf-4051-bfc2-8a28731cc75c  sharable_header_task_id: 379ca954-8faf-4051-bfc2-8a28731cc75c
2025-01-28 22:52:12,448 - Communicator - INFO - Received from simulator_server server. getTask: train size: 18.8MB (18833681 Bytes) time: 0.103904 seconds
2025-01-28 22:52:12,451 - FederatedClient - INFO - pull_task completed. Task name:train Status:True 
2025-01-28 22:52:12,454 - ClientRunner - INFO - [identity=site-1, run=simulate_job, peer=simulator_server, peer_run=simulate_job]: got task assignment: name=train, id=379ca954-8faf-4051-bfc2-8a28731cc75c
2025-01-28 22:52:12,456 - ClientRunner - INFO - [identity=site-1, run=simulate_job, peer=simulator_server, peer_run=simulate_job, task_name=train, task_id=379ca954-8faf-4051-bfc2-8a28731cc75c]: invoking task executor LearnerExecutor
2025-01-28 22:52:12,457 - LearnerExecutor - INFO - [identity=site-1, run=simulate_job, peer=simulator_server, peer_run=simulate_job, task_name=train, task_id=379ca954-8faf-4051-bfc2-8a28731cc75c]: Client trainer got task: train
2025-01-28 22:52:12,459 - SupervisedMonaiBratsLearner - INFO - [identity=site-1, run=simulate_job, peer=simulator_server, peer_run=simulate_job, task_name=train, task_id=379ca954-8faf-4051-bfc2-8a28731cc75c]: Client site-1 initialized with args: 
 Namespace(job_folder='/scratch/psaha03/safeseg/src/./configs/brats_central', workspace='/scratch/psaha03/safeseg/src/./workspace_brats/brats_central/site-1', clients=None, n_clients=1, threads=1, gpu='0', max_clients=100, set=['secure_train=False'], log_config=None, config_folder='config', job_id='simulate_job', client_config='config/config_fed_client.json', env='config/environment.json', end_run_for_all=False, sp_target='0:43089', sp_scheme='tcp', client_name='site-1', token='ff97ca25-867f-4096-a84d-e5fcac325ef3')
2025-01-28 22:52:12,512 - SupervisedMonaiBratsLearner - INFO - [identity=site-1, run=simulate_job, peer=simulator_server, peer_run=simulate_job, task_name=train, task_id=379ca954-8faf-4051-bfc2-8a28731cc75c]: Training Size: 957, Validation Size: 393
